# JRE version: OpenJDK Runtime Environment (8.0_212-b04) (build 1.8.0_212-release-1586-b04)
# Java VM: OpenJDK 64-Bit Server VM (25.212-b04 mixed mode windows-amd64 compressed oops)
Heap:
 PSYoungGen      total 443392K, used 145204K [0x00000000e0000000, 0x00000000fc880000, 0x0000000100000000)
  eden space 419328K, 32% used [0x00000000e0000000,0x00000000e859d388,0x00000000f9980000)
  from space 24064K, 34% used [0x00000000f9980000,0x00000000fa1b0010,0x00000000fb100000)
  to   space 23040K, 0% used [0x00000000fb200000,0x00000000fb200000,0x00000000fc880000)
 ParOldGen       total 130048K, used 103541K [0x00000000a0000000, 0x00000000a7f00000, 0x00000000e0000000)
  object space 130048K, 79% used [0x00000000a0000000,0x00000000a651d428,0x00000000a7f00000)
 Metaspace       used 99616K, capacity 104002K, committed 104192K, reserved 1140736K
  class space    used 12838K, capacity 13705K, committed 13824K, reserved 1048576K
GC Heap History (10 events):
Event: 165.351 GC heap before
{Heap before GC invocations=36 (full 4):
 PSYoungGen      total 395776K, used 383796K [0x00000000e0000000, 0x00000000f9c80000, 0x0000000100000000)
  eden space 369152K, 100% used [0x00000000e0000000,0x00000000f6880000,0x00000000f6880000)
  from space 26624K, 55% used [0x00000000f6880000,0x00000000f76cd158,0x00000000f8280000)
  to   space 25088K, 0% used [0x00000000f8400000,0x00000000f8400000,0x00000000f9c80000)
 ParOldGen       total 130048K, used 101960K [0x00000000a0000000, 0x00000000a7f00000, 0x00000000e0000000)
  object space 130048K, 78% used [0x00000000a0000000,0x00000000a6392300,0x00000000a7f00000)
 Metaspace       used 98690K, capacity 103070K, committed 103296K, reserved 1138688K
  class space    used 12727K, capacity 13599K, committed 13696K, reserved 1048576K
Event: 165.432 GC heap after
Heap after GC invocations=36 (full 4):
 PSYoungGen      total 394240K, used 5504K [0x00000000e0000000, 0x00000000f9c80000, 0x0000000100000000)
  eden space 369152K, 0% used [0x00000000e0000000,0x00000000e0000000,0x00000000f6880000)
  from space 25088K, 21% used [0x00000000f8400000,0x00000000f8960040,0x00000000f9c80000)
  to   space 26624K, 0% used [0x00000000f6880000,0x00000000f6880000,0x00000000f8280000)
 ParOldGen       total 130048K, used 113462K [0x00000000a0000000, 0x00000000a7f00000, 0x00000000e0000000)
  object space 130048K, 87% used [0x00000000a0000000,0x00000000a6ecda10,0x00000000a7f00000)
 Metaspace       used 98690K, capacity 103070K, committed 103296K, reserved 1138688K
  class space    used 12727K, capacity 13599K, committed 13696K, reserved 1048576K
}
Event: 165.432 GC heap before
{Heap before GC invocations=37 (full 5):
 PSYoungGen      total 394240K, used 5504K [0x00000000e0000000, 0x00000000f9c80000, 0x0000000100000000)
  eden space 369152K, 0% used [0x00000000e0000000,0x00000000e0000000,0x00000000f6880000)
  from space 25088K, 21% used [0x00000000f8400000,0x00000000f8960040,0x00000000f9c80000)
  to   space 26624K, 0% used [0x00000000f6880000,0x00000000f6880000,0x00000000f8280000)
 ParOldGen       total 130048K, used 113462K [0x00000000a0000000, 0x00000000a7f00000, 0x00000000e0000000)
  object space 130048K, 87% used [0x00000000a0000000,0x00000000a6ecda10,0x00000000a7f00000)
 Metaspace       used 98690K, capacity 103070K, committed 103296K, reserved 1138688K
  class space    used 12727K, capacity 13599K, committed 13696K, reserved 1048576K
Event: 166.066 GC heap after
Heap after GC invocations=37 (full 5):
 PSYoungGen      total 394240K, used 0K [0x00000000e0000000, 0x00000000f9c80000, 0x0000000100000000)
  eden space 369152K, 0% used [0x00000000e0000000,0x00000000e0000000,0x00000000f6880000)
  from space 25088K, 0% used [0x00000000f8400000,0x00000000f8400000,0x00000000f9c80000)
  to   space 26624K, 0% used [0x00000000f6880000,0x00000000f6880000,0x00000000f8280000)
 ParOldGen       total 130048K, used 86662K [0x00000000a0000000, 0x00000000a7f00000, 0x00000000e0000000)
  object space 130048K, 66% used [0x00000000a0000000,0x00000000a54a1b50,0x00000000a7f00000)
 Metaspace       used 98669K, capacity 103016K, committed 103296K, reserved 1138688K
  class space    used 12722K, capacity 13590K, committed 13696K, reserved 1048576K
}
Event: 170.178 GC heap before
{Heap before GC invocations=38 (full 5):
 PSYoungGen      total 394240K, used 369152K [0x00000000e0000000, 0x00000000f9c80000, 0x0000000100000000)
  eden space 369152K, 100% used [0x00000000e0000000,0x00000000f6880000,0x00000000f6880000)
  from space 25088K, 0% used [0x00000000f8400000,0x00000000f8400000,0x00000000f9c80000)
  to   space 26624K, 0% used [0x00000000f6880000,0x00000000f6880000,0x00000000f8280000)
 ParOldGen       total 130048K, used 86662K [0x00000000a0000000, 0x00000000a7f00000, 0x00000000e0000000)
  object space 130048K, 66% used [0x00000000a0000000,0x00000000a54a1b50,0x00000000a7f00000)
 Metaspace       used 98902K, capacity 103308K, committed 103552K, reserved 1138688K
  class space    used 12755K, capacity 13612K, committed 13696K, reserved 1048576K
Event: 170.220 GC heap after
Heap after GC invocations=38 (full 5):
 PSYoungGen      total 395776K, used 11264K [0x00000000e0000000, 0x00000000fca80000, 0x0000000100000000)
  eden space 369152K, 0% used [0x00000000e0000000,0x00000000e0000000,0x00000000f6880000)
  from space 26624K, 42% used [0x00000000f6880000,0x00000000f7380390,0x00000000f8280000)
  to   space 25088K, 0% used [0x00000000fb200000,0x00000000fb200000,0x00000000fca80000)
 ParOldGen       total 130048K, used 86670K [0x00000000a0000000, 0x00000000a7f00000, 0x00000000e0000000)
  object space 130048K, 66% used [0x00000000a0000000,0x00000000a54a3b50,0x00000000a7f00000)
 Metaspace       used 98902K, capacity 103308K, committed 103552K, reserved 1138688K
  class space    used 12755K, capacity 13612K, committed 13696K, reserved 1048576K
}
Event: 173.379 GC heap before
{Heap before GC invocations=39 (full 5):
 PSYoungGen      total 395776K, used 380416K [0x00000000e0000000, 0x00000000fca80000, 0x0000000100000000)
  eden space 369152K, 100% used [0x00000000e0000000,0x00000000f6880000,0x00000000f6880000)
  from space 26624K, 42% used [0x00000000f6880000,0x00000000f7380390,0x00000000f8280000)
  to   space 25088K, 0% used [0x00000000fb200000,0x00000000fb200000,0x00000000fca80000)
 ParOldGen       total 130048K, used 86670K [0x00000000a0000000, 0x00000000a7f00000, 0x00000000e0000000)
  object space 130048K, 66% used [0x00000000a0000000,0x00000000a54a3b50,0x00000000a7f00000)
 Metaspace       used 98928K, capacity 103308K, committed 103552K, reserved 1138688K
  class space    used 12755K, capacity 13612K, committed 13696K, reserved 1048576K
Event: 173.464 GC heap after
Heap after GC invocations=39 (full 5):
 PSYoungGen      total 442368K, used 7264K [0x00000000e0000000, 0x00000000fc880000, 0x0000000100000000)
  eden space 419328K, 0% used [0x00000000e0000000,0x00000000e0000000,0x00000000f9980000)
  from space 23040K, 31% used [0x00000000fb200000,0x00000000fb918030,0x00000000fc880000)
  to   space 24064K, 0% used [0x00000000f9980000,0x00000000f9980000,0x00000000fb100000)
 ParOldGen       total 130048K, used 97189K [0x00000000a0000000, 0x00000000a7f00000, 0x00000000e0000000)
  object space 130048K, 74% used [0x00000000a0000000,0x00000000a5ee9408,0x00000000a7f00000)
 Metaspace       used 98928K, capacity 103308K, committed 103552K, reserved 1138688K
  class space    used 12755K, capacity 13612K, committed 13696K, reserved 1048576K
}
Event: 177.795 GC heap before
{Heap before GC invocations=40 (full 5):
 PSYoungGen      total 442368K, used 426592K [0x00000000e0000000, 0x00000000fc880000, 0x0000000100000000)
  eden space 419328K, 100% used [0x00000000e0000000,0x00000000f9980000,0x00000000f9980000)
  from space 23040K, 31% used [0x00000000fb200000,0x00000000fb918030,0x00000000fc880000)
  to   space 24064K, 0% used [0x00000000f9980000,0x00000000f9980000,0x00000000fb100000)
 ParOldGen       total 130048K, used 97189K [0x00000000a0000000, 0x00000000a7f00000, 0x00000000e0000000)
  object space 130048K, 74% used [0x00000000a0000000,0x00000000a5ee9408,0x00000000a7f00000)
 Metaspace       used 98965K, capacity 103372K, committed 103552K, reserved 1138688K
  class space    used 12756K, capacity 13612K, committed 13696K, reserved 1048576K
Event: 177.860 GC heap after
Heap after GC invocations=40 (full 5):
 PSYoungGen      total 443392K, used 8384K [0x00000000e0000000, 0x00000000fc880000, 0x0000000100000000)
  eden space 419328K, 0% used [0x00000000e0000000,0x00000000e0000000,0x00000000f9980000)
  from space 24064K, 34% used [0x00000000f9980000,0x00000000fa1b0010,0x00000000fb100000)
  to   space 23040K, 0% used [0x00000000fb200000,0x00000000fb200000,0x00000000fc880000)
 ParOldGen       total 130048K, used 103541K [0x00000000a0000000, 0x00000000a7f00000, 0x00000000e0000000)
  object space 130048K, 79% used [0x00000000a0000000,0x00000000a651d428,0x00000000a7f00000)
 Metaspace       used 98965K, capacity 103372K, committed 103552K, reserved 1138688K
  class space    used 12756K, capacity 13612K, committed 13696K, reserved 1048576K
}

