# JRE version: OpenJDK Runtime Environment (8.0_212-b04) (build 1.8.0_212-release-1586-b04)
# Java VM: OpenJDK 64-Bit Server VM (25.212-b04 mixed mode windows-amd64 compressed oops)
Heap:
 PSYoungGen      total 225792K, used 179935K [0x00000000e0000000, 0x00000000f0980000, 0x0000000100000000)
  eden space 201728K, 80% used [0x00000000e0000000,0x00000000e9e1ab10,0x00000000ec500000)
  from space 24064K, 74% used [0x00000000ec500000,0x00000000ed69d2f0,0x00000000edc80000)
  to   space 26112K, 0% used [0x00000000ef000000,0x00000000ef000000,0x00000000f0980000)
 ParOldGen       total 83968K, used 46235K [0x00000000a0000000, 0x00000000a5200000, 0x00000000e0000000)
  object space 83968K, 55% used [0x00000000a0000000,0x00000000a2d26df0,0x00000000a5200000)
 Metaspace       used 85078K, capacity 88426K, committed 88536K, reserved 1126400K
  class space    used 11334K, capacity 11960K, committed 12032K, reserved 1048576K
GC Heap History (10 events):
Event: 17.909 GC heap before
{Heap before GC invocations=18 (full 3):
 PSYoungGen      total 166912K, used 1703K [0x00000000e0000000, 0x00000000ee080000, 0x0000000100000000)
  eden space 149504K, 0% used [0x00000000e0000000,0x00000000e0000000,0x00000000e9200000)
  from space 17408K, 9% used [0x00000000e9200000,0x00000000e93a9d20,0x00000000ea300000)
  to   space 17408K, 0% used [0x00000000ecf80000,0x00000000ecf80000,0x00000000ee080000)
 ParOldGen       total 53248K, used 37959K [0x00000000a0000000, 0x00000000a3400000, 0x00000000e0000000)
  object space 53248K, 71% used [0x00000000a0000000,0x00000000a2511d68,0x00000000a3400000)
 Metaspace       used 57581K, capacity 58992K, committed 59028K, reserved 1099776K
  class space    used 7801K, capacity 8163K, committed 8192K, reserved 1048576K
Event: 18.495 GC heap after
Heap after GC invocations=18 (full 3):
 PSYoungGen      total 166912K, used 0K [0x00000000e0000000, 0x00000000ee080000, 0x0000000100000000)
  eden space 149504K, 0% used [0x00000000e0000000,0x00000000e0000000,0x00000000e9200000)
  from space 17408K, 0% used [0x00000000e9200000,0x00000000e9200000,0x00000000ea300000)
  to   space 17408K, 0% used [0x00000000ecf80000,0x00000000ecf80000,0x00000000ee080000)
 ParOldGen       total 83968K, used 29412K [0x00000000a0000000, 0x00000000a5200000, 0x00000000e0000000)
  object space 83968K, 35% used [0x00000000a0000000,0x00000000a1cb90d0,0x00000000a5200000)
 Metaspace       used 57581K, capacity 58992K, committed 59028K, reserved 1099776K
  class space    used 7801K, capacity 8163K, committed 8192K, reserved 1048576K
}
Event: 26.480 GC heap before
{Heap before GC invocations=19 (full 3):
 PSYoungGen      total 166912K, used 149504K [0x00000000e0000000, 0x00000000ee080000, 0x0000000100000000)
  eden space 149504K, 100% used [0x00000000e0000000,0x00000000e9200000,0x00000000e9200000)
  from space 17408K, 0% used [0x00000000e9200000,0x00000000e9200000,0x00000000ea300000)
  to   space 17408K, 0% used [0x00000000ecf80000,0x00000000ecf80000,0x00000000ee080000)
 ParOldGen       total 83968K, used 29412K [0x00000000a0000000, 0x00000000a5200000, 0x00000000e0000000)
  object space 83968K, 35% used [0x00000000a0000000,0x00000000a1cb90d0,0x00000000a5200000)
 Metaspace       used 62193K, capacity 64104K, committed 64344K, reserved 1105920K
  class space    used 8382K, capacity 8805K, committed 8832K, reserved 1048576K
Event: 26.524 GC heap after
Heap after GC invocations=19 (full 3):
 PSYoungGen      total 196608K, used 16879K [0x00000000e0000000, 0x00000000ee000000, 0x0000000100000000)
  eden space 179712K, 0% used [0x00000000e0000000,0x00000000e0000000,0x00000000eaf80000)
  from space 16896K, 99% used [0x00000000ecf80000,0x00000000edffbde0,0x00000000ee000000)
  to   space 19968K, 0% used [0x00000000eb900000,0x00000000eb900000,0x00000000ecc80000)
 ParOldGen       total 83968K, used 29420K [0x00000000a0000000, 0x00000000a5200000, 0x00000000e0000000)
  object space 83968K, 35% used [0x00000000a0000000,0x00000000a1cbb0d0,0x00000000a5200000)
 Metaspace       used 62193K, capacity 64104K, committed 64344K, reserved 1105920K
  class space    used 8382K, capacity 8805K, committed 8832K, reserved 1048576K
}
Event: 34.825 GC heap before
{Heap before GC invocations=20 (full 3):
 PSYoungGen      total 196608K, used 196591K [0x00000000e0000000, 0x00000000ee000000, 0x0000000100000000)
  eden space 179712K, 100% used [0x00000000e0000000,0x00000000eaf80000,0x00000000eaf80000)
  from space 16896K, 99% used [0x00000000ecf80000,0x00000000edffbde0,0x00000000ee000000)
  to   space 19968K, 0% used [0x00000000eb900000,0x00000000eb900000,0x00000000ecc80000)
 ParOldGen       total 83968K, used 29420K [0x00000000a0000000, 0x00000000a5200000, 0x00000000e0000000)
  object space 83968K, 35% used [0x00000000a0000000,0x00000000a1cbb0d0,0x00000000a5200000)
 Metaspace       used 66421K, capacity 68442K, committed 68696K, reserved 1107968K
  class space    used 8888K, capacity 9334K, committed 9344K, reserved 1048576K
Event: 34.872 GC heap after
Heap after GC invocations=20 (full 3):
 PSYoungGen      total 209408K, used 19967K [0x00000000e0000000, 0x00000000ef500000, 0x0000000100000000)
  eden space 189440K, 0% used [0x00000000e0000000,0x00000000e0000000,0x00000000eb900000)
  from space 19968K, 99% used [0x00000000eb900000,0x00000000ecc7fe38,0x00000000ecc80000)
  to   space 25088K, 0% used [0x00000000edc80000,0x00000000edc80000,0x00000000ef500000)
 ParOldGen       total 83968K, used 34716K [0x00000000a0000000, 0x00000000a5200000, 0x00000000e0000000)
  object space 83968K, 41% used [0x00000000a0000000,0x00000000a21e70b0,0x00000000a5200000)
 Metaspace       used 66421K, capacity 68442K, committed 68696K, reserved 1107968K
  class space    used 8888K, capacity 9334K, committed 9344K, reserved 1048576K
}
Event: 41.226 GC heap before
{Heap before GC invocations=21 (full 3):
 PSYoungGen      total 209408K, used 209407K [0x00000000e0000000, 0x00000000ef500000, 0x0000000100000000)
  eden space 189440K, 100% used [0x00000000e0000000,0x00000000eb900000,0x00000000eb900000)
  from space 19968K, 99% used [0x00000000eb900000,0x00000000ecc7fe38,0x00000000ecc80000)
  to   space 25088K, 0% used [0x00000000edc80000,0x00000000edc80000,0x00000000ef500000)
 ParOldGen       total 83968K, used 34716K [0x00000000a0000000, 0x00000000a5200000, 0x00000000e0000000)
  object space 83968K, 41% used [0x00000000a0000000,0x00000000a21e70b0,0x00000000a5200000)
 Metaspace       used 71412K, capacity 73934K, committed 74200K, reserved 1114112K
  class space    used 9629K, capacity 10132K, committed 10240K, reserved 1048576K
Event: 41.267 GC heap after
Heap after GC invocations=21 (full 3):
 PSYoungGen      total 226816K, used 6393K [0x00000000e0000000, 0x00000000efb00000, 0x0000000100000000)
  eden space 201728K, 0% used [0x00000000e0000000,0x00000000e0000000,0x00000000ec500000)
  from space 25088K, 25% used [0x00000000edc80000,0x00000000ee2be5e0,0x00000000ef500000)
  to   space 24064K, 0% used [0x00000000ec500000,0x00000000ec500000,0x00000000edc80000)
 ParOldGen       total 83968K, used 46227K [0x00000000a0000000, 0x00000000a5200000, 0x00000000e0000000)
  object space 83968K, 55% used [0x00000000a0000000,0x00000000a2d24df0,0x00000000a5200000)
 Metaspace       used 71412K, capacity 73934K, committed 74200K, reserved 1114112K
  class space    used 9629K, capacity 10132K, committed 10240K, reserved 1048576K
}
Event: 55.670 GC heap before
{Heap before GC invocations=22 (full 3):
 PSYoungGen      total 226816K, used 208121K [0x00000000e0000000, 0x00000000efb00000, 0x0000000100000000)
  eden space 201728K, 100% used [0x00000000e0000000,0x00000000ec500000,0x00000000ec500000)
  from space 25088K, 25% used [0x00000000edc80000,0x00000000ee2be5e0,0x00000000ef500000)
  to   space 24064K, 0% used [0x00000000ec500000,0x00000000ec500000,0x00000000edc80000)
 ParOldGen       total 83968K, used 46227K [0x00000000a0000000, 0x00000000a5200000, 0x00000000e0000000)
  object space 83968K, 55% used [0x00000000a0000000,0x00000000a2d24df0,0x00000000a5200000)
 Metaspace       used 81392K, capacity 84412K, committed 84440K, reserved 1122304K
  class space    used 10930K, capacity 11519K, committed 11520K, reserved 1048576K
Event: 55.722 GC heap after
Heap after GC invocations=22 (full 3):
 PSYoungGen      total 225792K, used 18036K [0x00000000e0000000, 0x00000000f0980000, 0x0000000100000000)
  eden space 201728K, 0% used [0x00000000e0000000,0x00000000e0000000,0x00000000ec500000)
  from space 24064K, 74% used [0x00000000ec500000,0x00000000ed69d2f0,0x00000000edc80000)
  to   space 26112K, 0% used [0x00000000ef000000,0x00000000ef000000,0x00000000f0980000)
 ParOldGen       total 83968K, used 46235K [0x00000000a0000000, 0x00000000a5200000, 0x00000000e0000000)
  object space 83968K, 55% used [0x00000000a0000000,0x00000000a2d26df0,0x00000000a5200000)
 Metaspace       used 81392K, capacity 84412K, committed 84440K, reserved 1122304K
  class space    used 10930K, capacity 11519K, committed 11520K, reserved 1048576K
}

