# JRE version: OpenJDK Runtime Environment (8.0_212-b04) (build 1.8.0_212-release-1586-b04)
# Java VM: OpenJDK 64-Bit Server VM (25.212-b04 mixed mode windows-amd64 compressed oops)
Heap:
 PSYoungGen      total 356352K, used 93046K [0x00000000e0000000, 0x00000000f8c80000, 0x0000000100000000)
  eden space 311296K, 23% used [0x00000000e0000000,0x00000000e45fde08,0x00000000f3000000)
  from space 45056K, 47% used [0x00000000f3000000,0x00000000f44dfa10,0x00000000f5c00000)
  to   space 44032K, 0% used [0x00000000f5c00000,0x00000000f5c00000,0x00000000f8700000)
 ParOldGen       total 164864K, used 102317K [0x00000000a0000000, 0x00000000aa100000, 0x00000000e0000000)
  object space 164864K, 62% used [0x00000000a0000000,0x00000000a63eb788,0x00000000aa100000)
 Metaspace       used 83610K, capacity 87016K, committed 87128K, reserved 1124352K
  class space    used 10908K, capacity 11549K, committed 11648K, reserved 1048576K
GC Heap History (10 events):
Event: 121.240 GC heap before
{Heap before GC invocations=25 (full 4):
 PSYoungGen      total 277504K, used 277480K [0x00000000e0000000, 0x00000000f4500000, 0x0000000100000000)
  eden space 243200K, 100% used [0x00000000e0000000,0x00000000eed80000,0x00000000eed80000)
  from space 34304K, 99% used [0x00000000f1680000,0x00000000f37fa390,0x00000000f3800000)
  to   space 41984K, 0% used [0x00000000eed80000,0x00000000eed80000,0x00000000f1680000)
 ParOldGen       total 164864K, used 87688K [0x00000000a0000000, 0x00000000aa100000, 0x00000000e0000000)
  object space 164864K, 53% used [0x00000000a0000000,0x00000000a55a2168,0x00000000aa100000)
 Metaspace       used 83183K, capacity 86588K, committed 86744K, reserved 1124352K
  class space    used 10887K, capacity 11509K, committed 11520K, reserved 1048576K
Event: 121.370 GC heap after
Heap after GC invocations=25 (full 4):
 PSYoungGen      total 285184K, used 21760K [0x00000000e0000000, 0x00000000f5d00000, 0x0000000100000000)
  eden space 243200K, 0% used [0x00000000e0000000,0x00000000e0000000,0x00000000eed80000)
  from space 41984K, 51% used [0x00000000eed80000,0x00000000f02c01d8,0x00000000f1680000)
  to   space 41984K, 0% used [0x00000000f3400000,0x00000000f3400000,0x00000000f5d00000)
 ParOldGen       total 164864K, used 102285K [0x00000000a0000000, 0x00000000aa100000, 0x00000000e0000000)
  object space 164864K, 62% used [0x00000000a0000000,0x00000000a63e3788,0x00000000aa100000)
 Metaspace       used 83183K, capacity 86588K, committed 86744K, reserved 1124352K
  class space    used 10887K, capacity 11509K, committed 11520K, reserved 1048576K
}
Event: 124.448 GC heap before
{Heap before GC invocations=26 (full 4):
 PSYoungGen      total 285184K, used 264960K [0x00000000e0000000, 0x00000000f5d00000, 0x0000000100000000)
  eden space 243200K, 100% used [0x00000000e0000000,0x00000000eed80000,0x00000000eed80000)
  from space 41984K, 51% used [0x00000000eed80000,0x00000000f02c01d8,0x00000000f1680000)
  to   space 41984K, 0% used [0x00000000f3400000,0x00000000f3400000,0x00000000f5d00000)
 ParOldGen       total 164864K, used 102285K [0x00000000a0000000, 0x00000000aa100000, 0x00000000e0000000)
  object space 164864K, 62% used [0x00000000a0000000,0x00000000a63e3788,0x00000000aa100000)
 Metaspace       used 83306K, capacity 86678K, committed 86744K, reserved 1124352K
  class space    used 10889K, capacity 11510K, committed 11520K, reserved 1048576K
Event: 124.526 GC heap after
Heap after GC invocations=26 (full 4):
 PSYoungGen      total 314880K, used 25316K [0x00000000e0000000, 0x00000000f6000000, 0x0000000100000000)
  eden space 272896K, 0% used [0x00000000e0000000,0x00000000e0000000,0x00000000f0a80000)
  from space 41984K, 60% used [0x00000000f3400000,0x00000000f4cb9310,0x00000000f5d00000)
  to   space 42496K, 0% used [0x00000000f0a80000,0x00000000f0a80000,0x00000000f3400000)
 ParOldGen       total 164864K, used 102293K [0x00000000a0000000, 0x00000000aa100000, 0x00000000e0000000)
  object space 164864K, 62% used [0x00000000a0000000,0x00000000a63e5788,0x00000000aa100000)
 Metaspace       used 83306K, capacity 86678K, committed 86744K, reserved 1124352K
  class space    used 10889K, capacity 11510K, committed 11520K, reserved 1048576K
}
Event: 127.422 GC heap before
{Heap before GC invocations=27 (full 4):
 PSYoungGen      total 314880K, used 298212K [0x00000000e0000000, 0x00000000f6000000, 0x0000000100000000)
  eden space 272896K, 100% used [0x00000000e0000000,0x00000000f0a80000,0x00000000f0a80000)
  from space 41984K, 60% used [0x00000000f3400000,0x00000000f4cb9310,0x00000000f5d00000)
  to   space 42496K, 0% used [0x00000000f0a80000,0x00000000f0a80000,0x00000000f3400000)
 ParOldGen       total 164864K, used 102293K [0x00000000a0000000, 0x00000000aa100000, 0x00000000e0000000)
  object space 164864K, 62% used [0x00000000a0000000,0x00000000a63e5788,0x00000000aa100000)
 Metaspace       used 83343K, capacity 86746K, committed 87000K, reserved 1124352K
  class space    used 10889K, capacity 11510K, committed 11520K, reserved 1048576K
Event: 127.515 GC heap after
Heap after GC invocations=27 (full 4):
 PSYoungGen      total 315392K, used 26861K [0x00000000e0000000, 0x00000000f8700000, 0x0000000100000000)
  eden space 272896K, 0% used [0x00000000e0000000,0x00000000e0000000,0x00000000f0a80000)
  from space 42496K, 63% used [0x00000000f0a80000,0x00000000f24bb6b8,0x00000000f3400000)
  to   space 44032K, 0% used [0x00000000f5c00000,0x00000000f5c00000,0x00000000f8700000)
 ParOldGen       total 164864K, used 102301K [0x00000000a0000000, 0x00000000aa100000, 0x00000000e0000000)
  object space 164864K, 62% used [0x00000000a0000000,0x00000000a63e7788,0x00000000aa100000)
 Metaspace       used 83343K, capacity 86746K, committed 87000K, reserved 1124352K
  class space    used 10889K, capacity 11510K, committed 11520K, reserved 1048576K
}
Event: 130.444 GC heap before
{Heap before GC invocations=28 (full 4):
 PSYoungGen      total 315392K, used 299757K [0x00000000e0000000, 0x00000000f8700000, 0x0000000100000000)
  eden space 272896K, 100% used [0x00000000e0000000,0x00000000f0a80000,0x00000000f0a80000)
  from space 42496K, 63% used [0x00000000f0a80000,0x00000000f24bb6b8,0x00000000f3400000)
  to   space 44032K, 0% used [0x00000000f5c00000,0x00000000f5c00000,0x00000000f8700000)
 ParOldGen       total 164864K, used 102301K [0x00000000a0000000, 0x00000000aa100000, 0x00000000e0000000)
  object space 164864K, 62% used [0x00000000a0000000,0x00000000a63e7788,0x00000000aa100000)
 Metaspace       used 83368K, capacity 86746K, committed 87000K, reserved 1124352K
  class space    used 10889K, capacity 11510K, committed 11520K, reserved 1048576K
Event: 130.548 GC heap after
Heap after GC invocations=28 (full 4):
 PSYoungGen      total 355328K, used 27891K [0x00000000e0000000, 0x00000000f8c80000, 0x0000000100000000)
  eden space 311296K, 0% used [0x00000000e0000000,0x00000000e0000000,0x00000000f3000000)
  from space 44032K, 63% used [0x00000000f5c00000,0x00000000f773ce90,0x00000000f8700000)
  to   space 45056K, 0% used [0x00000000f3000000,0x00000000f3000000,0x00000000f5c00000)
 ParOldGen       total 164864K, used 102309K [0x00000000a0000000, 0x00000000aa100000, 0x00000000e0000000)
  object space 164864K, 62% used [0x00000000a0000000,0x00000000a63e9788,0x00000000aa100000)
 Metaspace       used 83368K, capacity 86746K, committed 87000K, reserved 1124352K
  class space    used 10889K, capacity 11510K, committed 11520K, reserved 1048576K
}
Event: 134.582 GC heap before
{Heap before GC invocations=29 (full 4):
 PSYoungGen      total 355328K, used 337746K [0x00000000e0000000, 0x00000000f8c80000, 0x0000000100000000)
  eden space 311296K, 99% used [0x00000000e0000000,0x00000000f2e97bc0,0x00000000f3000000)
  from space 44032K, 63% used [0x00000000f5c00000,0x00000000f773ce90,0x00000000f8700000)
  to   space 45056K, 0% used [0x00000000f3000000,0x00000000f3000000,0x00000000f5c00000)
 ParOldGen       total 164864K, used 102309K [0x00000000a0000000, 0x00000000aa100000, 0x00000000e0000000)
  object space 164864K, 62% used [0x00000000a0000000,0x00000000a63e9788,0x00000000aa100000)
 Metaspace       used 83443K, capacity 86838K, committed 87000K, reserved 1124352K
  class space    used 10894K, capacity 11514K, committed 11520K, reserved 1048576K
Event: 134.622 GC heap after
Heap after GC invocations=29 (full 4):
 PSYoungGen      total 356352K, used 21374K [0x00000000e0000000, 0x00000000f8c80000, 0x0000000100000000)
  eden space 311296K, 0% used [0x00000000e0000000,0x00000000e0000000,0x00000000f3000000)
  from space 45056K, 47% used [0x00000000f3000000,0x00000000f44dfa10,0x00000000f5c00000)
  to   space 44032K, 0% used [0x00000000f5c00000,0x00000000f5c00000,0x00000000f8700000)
 ParOldGen       total 164864K, used 102317K [0x00000000a0000000, 0x00000000aa100000, 0x00000000e0000000)
  object space 164864K, 62% used [0x00000000a0000000,0x00000000a63eb788,0x00000000aa100000)
 Metaspace       used 83443K, capacity 86838K, committed 87000K, reserved 1124352K
  class space    used 10894K, capacity 11514K, committed 11520K, reserved 1048576K
}

